# JRE version: Java(TM) SE Runtime Environment (21.0.2+13) (build 21.0.2+13-LTS-58)
# Java VM: Java HotSpot(TM) 64-Bit Server VM (21.0.2+13-LTS-58, mixed mode, sharing, tiered, compressed oops, compressed class ptrs, g1 gc, windows-amd64)
GC Precious Log:
 CardTable entry size: 512
 Card Set container configuration: InlinePtr #cards 5 size 8 Array Of Cards #cards 12 size 40 Howl #buckets 4 coarsen threshold 1843 Howl Bitmap #cards 512 size 80 coarsen threshold 460 Card regions per heap region 1 cards per card region 2048
 CPUs: 4 total, 4 available
 Memory: 8102M
 Large Page Support: Disabled
 NUMA Support: Disabled
 Compressed Oops: Enabled (32-bit)
 Heap Region Size: 1M
 Heap Min Capacity: 8M
 Heap Initial Capacity: 128M
 Heap Max Capacity: 2026M
 Pre-touch: Disabled
 Parallel Workers: 4
 Concurrent Workers: 1
 Concurrent Refinement Workers: 4
 Periodic GC: Disabled
Heap:
 garbage-first heap   total 45056K, used 24717K [0x0000000081600000, 0x0000000100000000)
  region size 1024K, 10 young (10240K), 2 survivors (2048K)
 Metaspace       used 40708K, committed 41216K, reserved 1114112K
  class space    used 5193K, committed 5440K, reserved 1048576K
GC Heap History (16 events):
Event: 0.832 GC heap before
{Heap before GC invocations=0 (full 0):
 garbage-first heap   total 131072K, used 13312K [0x0000000081600000, 0x0000000100000000)
  region size 1024K, 13 young (13312K), 0 survivors (0K)
 Metaspace       used 3521K, committed 3712K, reserved 1114112K
  class space    used 358K, committed 448K, reserved 1048576K
}
Event: 0.837 GC heap after
{Heap after GC invocations=1 (full 0):
 garbage-first heap   total 131072K, used 6144K [0x0000000081600000, 0x0000000100000000)
  region size 1024K, 2 young (2048K), 2 survivors (2048K)
 Metaspace       used 3521K, committed 3712K, reserved 1114112K
  class space    used 358K, committed 448K, reserved 1048576K
}
Event: 1.380 GC heap before
{Heap before GC invocations=1 (full 0):
 garbage-first heap   total 131072K, used 19456K [0x0000000081600000, 0x0000000100000000)
  region size 1024K, 15 young (15360K), 2 survivors (2048K)
 Metaspace       used 7157K, committed 7424K, reserved 1114112K
  class space    used 812K, committed 960K, reserved 1048576K
}
Event: 1.384 GC heap after
{Heap after GC invocations=2 (full 0):
 garbage-first heap   total 131072K, used 7353K [0x0000000081600000, 0x0000000100000000)
  region size 1024K, 2 young (2048K), 2 survivors (2048K)
 Metaspace       used 7157K, committed 7424K, reserved 1114112K
  class space    used 812K, committed 960K, reserved 1048576K
}
Event: 2.208 GC heap before
{Heap before GC invocations=2 (full 0):
 garbage-first heap   total 131072K, used 41145K [0x0000000081600000, 0x0000000100000000)
  region size 1024K, 36 young (36864K), 2 survivors (2048K)
 Metaspace       used 16615K, committed 16960K, reserved 1114112K
  class space    used 2015K, committed 2176K, reserved 1048576K
}
Event: 2.215 GC heap after
{Heap after GC invocations=3 (full 0):
 garbage-first heap   total 131072K, used 9966K [0x0000000081600000, 0x0000000100000000)
  region size 1024K, 4 young (4096K), 4 survivors (4096K)
 Metaspace       used 16615K, committed 16960K, reserved 1114112K
  class space    used 2015K, committed 2176K, reserved 1048576K
}
Event: 3.850 GC heap before
{Heap before GC invocations=3 (full 0):
 garbage-first heap   total 131072K, used 43758K [0x0000000081600000, 0x0000000100000000)
  region size 1024K, 38 young (38912K), 4 survivors (4096K)
 Metaspace       used 21237K, committed 21504K, reserved 1114112K
  class space    used 2553K, committed 2688K, reserved 1048576K
}
Event: 3.863 GC heap after
{Heap after GC invocations=4 (full 0):
 garbage-first heap   total 131072K, used 13238K [0x0000000081600000, 0x0000000100000000)
  region size 1024K, 7 young (7168K), 7 survivors (7168K)
 Metaspace       used 21237K, committed 21504K, reserved 1114112K
  class space    used 2553K, committed 2688K, reserved 1048576K
}
Event: 4.763 GC heap before
{Heap before GC invocations=5 (full 0):
 garbage-first heap   total 45056K, used 32694K [0x0000000081600000, 0x0000000100000000)
  region size 1024K, 26 young (26624K), 7 survivors (7168K)
 Metaspace       used 24941K, committed 25344K, reserved 1114112K
  class space    used 3094K, committed 3264K, reserved 1048576K
}
Event: 4.777 GC heap after
{Heap after GC invocations=6 (full 0):
 garbage-first heap   total 45056K, used 15384K [0x0000000081600000, 0x0000000100000000)
  region size 1024K, 3 young (3072K), 3 survivors (3072K)
 Metaspace       used 24941K, committed 25344K, reserved 1114112K
  class space    used 3094K, committed 3264K, reserved 1048576K
}
Event: 5.555 GC heap before
{Heap before GC invocations=6 (full 0):
 garbage-first heap   total 45056K, used 34840K [0x0000000081600000, 0x0000000100000000)
  region size 1024K, 22 young (22528K), 3 survivors (3072K)
 Metaspace       used 28604K, committed 29120K, reserved 1114112K
  class space    used 3561K, committed 3776K, reserved 1048576K
}
Event: 5.563 GC heap after
{Heap after GC invocations=7 (full 0):
 garbage-first heap   total 45056K, used 17188K [0x0000000081600000, 0x0000000100000000)
  region size 1024K, 2 young (2048K), 2 survivors (2048K)
 Metaspace       used 28604K, committed 29120K, reserved 1114112K
  class space    used 3561K, committed 3776K, reserved 1048576K
}
Event: 6.228 GC heap before
{Heap before GC invocations=7 (full 0):
 garbage-first heap   total 45056K, used 36644K [0x0000000081600000, 0x0000000100000000)
  region size 1024K, 21 young (21504K), 2 survivors (2048K)
 Metaspace       used 33489K, committed 33984K, reserved 1114112K
  class space    used 4266K, committed 4480K, reserved 1048576K
}
Event: 6.233 GC heap after
{Heap after GC invocations=8 (full 0):
 garbage-first heap   total 45056K, used 18340K [0x0000000081600000, 0x0000000100000000)
  region size 1024K, 2 young (2048K), 2 survivors (2048K)
 Metaspace       used 33489K, committed 33984K, reserved 1114112K
  class space    used 4266K, committed 4480K, reserved 1048576K
}
Event: 6.506 GC heap before
{Heap before GC invocations=8 (full 0):
 garbage-first heap   total 45056K, used 23460K [0x0000000081600000, 0x0000000100000000)
  region size 1024K, 9 young (9216K), 2 survivors (2048K)
 Metaspace       used 35407K, committed 35968K, reserved 1114112K
  class space    used 4587K, committed 4800K, reserved 1048576K
}
Event: 6.509 GC heap after
{Heap after GC invocations=9 (full 0):
 garbage-first heap   total 45056K, used 18573K [0x0000000081600000, 0x0000000100000000)
  region size 1024K, 2 young (2048K), 2 survivors (2048K)
 Metaspace       used 35407K, committed 35968K, reserved 1114112K
  class space    used 4587K, committed 4800K, reserved 1048576K
}

