# JRE version: Java(TM) SE Runtime Environment (21.0.2+13) (build 21.0.2+13-LTS-58)
# Java VM: Java HotSpot(TM) 64-Bit Server VM (21.0.2+13-LTS-58, mixed mode, sharing, tiered, compressed oops, compressed class ptrs, g1 gc, windows-amd64)
GC Precious Log:
 CardTable entry size: 512
 Card Set container configuration: InlinePtr #cards 5 size 8 Array Of Cards #cards 12 size 40 Howl #buckets 4 coarsen threshold 1843 Howl Bitmap #cards 512 size 80 coarsen threshold 460 Card regions per heap region 1 cards per card region 2048
 CPUs: 4 total, 4 available
 Memory: 8102M
 Large Page Support: Disabled
 NUMA Support: Disabled
 Compressed Oops: Enabled (32-bit)
 Heap Region Size: 1M
 Heap Min Capacity: 8M
 Heap Initial Capacity: 128M
 Heap Max Capacity: 2026M
 Pre-touch: Disabled
 Parallel Workers: 4
 Concurrent Workers: 1
 Concurrent Refinement Workers: 4
 Periodic GC: Disabled
Heap:
 garbage-first heap   total 48128K, used 34407K [0x0000000081600000, 0x0000000100000000)
  region size 1024K, 14 young (14336K), 2 survivors (2048K)
 Metaspace       used 58904K, committed 59520K, reserved 1114112K
  class space    used 7750K, committed 8000K, reserved 1048576K
GC Heap History (20 events):
Event: 1.713 GC heap before
{Heap before GC invocations=1 (full 0):
 garbage-first heap   total 131072K, used 17749K [0x0000000081600000, 0x0000000100000000)
  region size 1024K, 14 young (14336K), 2 survivors (2048K)
 Metaspace       used 6849K, committed 7104K, reserved 1114112K
  class space    used 767K, committed 896K, reserved 1048576K
}
Event: 1.716 GC heap after
{Heap after GC invocations=2 (full 0):
 garbage-first heap   total 131072K, used 7499K [0x0000000081600000, 0x0000000100000000)
  region size 1024K, 1 young (1024K), 1 survivors (1024K)
 Metaspace       used 6849K, committed 7104K, reserved 1114112K
  class space    used 767K, committed 896K, reserved 1048576K
}
Event: 2.769 GC heap before
{Heap before GC invocations=2 (full 0):
 garbage-first heap   total 131072K, used 42315K [0x0000000081600000, 0x0000000100000000)
  region size 1024K, 36 young (36864K), 1 survivors (1024K)
 Metaspace       used 16458K, committed 16768K, reserved 1114112K
  class space    used 1989K, committed 2176K, reserved 1048576K
}
Event: 2.777 GC heap after
{Heap after GC invocations=3 (full 0):
 garbage-first heap   total 131072K, used 10228K [0x0000000081600000, 0x0000000100000000)
  region size 1024K, 4 young (4096K), 4 survivors (4096K)
 Metaspace       used 16458K, committed 16768K, reserved 1114112K
  class space    used 1989K, committed 2176K, reserved 1048576K
}
Event: 4.177 GC heap before
{Heap before GC invocations=3 (full 0):
 garbage-first heap   total 131072K, used 46068K [0x0000000081600000, 0x0000000100000000)
  region size 1024K, 40 young (40960K), 4 survivors (4096K)
 Metaspace       used 21255K, committed 21504K, reserved 1114112K
  class space    used 2558K, committed 2688K, reserved 1048576K
}
Event: 4.186 GC heap after
{Heap after GC invocations=4 (full 0):
 garbage-first heap   total 131072K, used 13809K [0x0000000081600000, 0x0000000100000000)
  region size 1024K, 7 young (7168K), 7 survivors (7168K)
 Metaspace       used 21255K, committed 21504K, reserved 1114112K
  class space    used 2558K, committed 2688K, reserved 1048576K
}
Event: 5.265 GC heap before
{Heap before GC invocations=5 (full 0):
 garbage-first heap   total 48128K, used 35313K [0x0000000081600000, 0x0000000100000000)
  region size 1024K, 28 young (28672K), 7 survivors (7168K)
 Metaspace       used 25292K, committed 25728K, reserved 1114112K
  class space    used 3148K, committed 3328K, reserved 1048576K
}
Event: 5.283 GC heap after
{Heap after GC invocations=6 (full 0):
 garbage-first heap   total 48128K, used 15738K [0x0000000081600000, 0x0000000100000000)
  region size 1024K, 3 young (3072K), 3 survivors (3072K)
 Metaspace       used 25292K, committed 25728K, reserved 1114112K
  class space    used 3148K, committed 3328K, reserved 1048576K
}
Event: 6.300 GC heap before
{Heap before GC invocations=6 (full 0):
 garbage-first heap   total 48128K, used 35194K [0x0000000081600000, 0x0000000100000000)
  region size 1024K, 23 young (23552K), 3 survivors (3072K)
 Metaspace       used 29106K, committed 29632K, reserved 1114112K
  class space    used 3643K, committed 3904K, reserved 1048576K
}
Event: 6.309 GC heap after
{Heap after GC invocations=7 (full 0):
 garbage-first heap   total 48128K, used 17320K [0x0000000081600000, 0x0000000100000000)
  region size 1024K, 2 young (2048K), 2 survivors (2048K)
 Metaspace       used 29106K, committed 29632K, reserved 1114112K
  class space    used 3643K, committed 3904K, reserved 1048576K
}
Event: 8.300 GC heap before
{Heap before GC invocations=7 (full 0):
 garbage-first heap   total 48128K, used 37800K [0x0000000081600000, 0x0000000100000000)
  region size 1024K, 23 young (23552K), 2 survivors (2048K)
 Metaspace       used 34537K, committed 35072K, reserved 1114112K
  class space    used 4439K, committed 4672K, reserved 1048576K
}
Event: 8.307 GC heap after
{Heap after GC invocations=8 (full 0):
 garbage-first heap   total 48128K, used 18702K [0x0000000081600000, 0x0000000100000000)
  region size 1024K, 2 young (2048K), 2 survivors (2048K)
 Metaspace       used 34537K, committed 35072K, reserved 1114112K
  class space    used 4439K, committed 4672K, reserved 1048576K
}
Event: 8.434 GC heap before
{Heap before GC invocations=8 (full 0):
 garbage-first heap   total 48128K, used 21774K [0x0000000081600000, 0x0000000100000000)
  region size 1024K, 6 young (6144K), 2 survivors (2048K)
 Metaspace       used 35427K, committed 35968K, reserved 1114112K
  class space    used 4602K, committed 4864K, reserved 1048576K
}
Event: 8.438 GC heap after
{Heap after GC invocations=9 (full 0):
 garbage-first heap   total 48128K, used 18721K [0x0000000081600000, 0x0000000100000000)
  region size 1024K, 2 young (2048K), 2 survivors (2048K)
 Metaspace       used 35427K, committed 35968K, reserved 1114112K
  class space    used 4602K, committed 4864K, reserved 1048576K
}
Event: 9.945 GC heap before
{Heap before GC invocations=10 (full 0):
 garbage-first heap   total 48128K, used 40225K [0x0000000081600000, 0x0000000100000000)
  region size 1024K, 23 young (23552K), 2 survivors (2048K)
 Metaspace       used 45057K, committed 45632K, reserved 1114112K
  class space    used 5771K, committed 6016K, reserved 1048576K
}
Event: 9.951 GC heap after
{Heap after GC invocations=11 (full 0):
 garbage-first heap   total 48128K, used 21157K [0x0000000081600000, 0x0000000100000000)
  region size 1024K, 3 young (3072K), 3 survivors (3072K)
 Metaspace       used 45057K, committed 45632K, reserved 1114112K
  class space    used 5771K, committed 6016K, reserved 1048576K
}
Event: 10.461 GC heap before
{Heap before GC invocations=11 (full 0):
 garbage-first heap   total 48128K, used 40613K [0x0000000081600000, 0x0000000100000000)
  region size 1024K, 22 young (22528K), 3 survivors (3072K)
 Metaspace       used 51276K, committed 51904K, reserved 1114112K
  class space    used 6608K, committed 6912K, reserved 1048576K
}
Event: 10.467 GC heap after
{Heap after GC invocations=12 (full 0):
 garbage-first heap   total 48128K, used 22351K [0x0000000081600000, 0x0000000100000000)
  region size 1024K, 2 young (2048K), 2 survivors (2048K)
 Metaspace       used 51276K, committed 51904K, reserved 1114112K
  class space    used 6608K, committed 6912K, reserved 1048576K
}
Event: 11.021 GC heap before
{Heap before GC invocations=12 (full 0):
 garbage-first heap   total 48128K, used 39759K [0x0000000081600000, 0x0000000100000000)
  region size 1024K, 20 young (20480K), 2 survivors (2048K)
 Metaspace       used 56295K, committed 56896K, reserved 1114112K
  class space    used 7461K, committed 7744K, reserved 1048576K
}
Event: 11.025 GC heap after
{Heap after GC invocations=13 (full 0):
 garbage-first heap   total 48128K, used 23143K [0x0000000081600000, 0x0000000100000000)
  region size 1024K, 2 young (2048K), 2 survivors (2048K)
 Metaspace       used 56295K, committed 56896K, reserved 1114112K
  class space    used 7461K, committed 7744K, reserved 1048576K
}

